Unity Editor version:    2021.3.24f1 (cf10dcf7010d)
Branch:                  2021.3/staging
Build type:              Release
Batch mode:              YES
macOS version:           Version 13.3.1 (a) (Build 22E772610a)
Darwin version:          22.4.0
Architecture:            arm64
Running under Rosetta:   NO
Available memory:        16384 MB
Using pre-set license
Pro License: YES

COMMAND LINE ARGUMENTS:
/Applications/Unity/Hub/Editor/2021.3.24f1/Unity.app/Contents/MacOS/Unity
-adb2
-batchMode
-noUpm
-name
AssetImportWorker0
-projectPath
/Users/cameronsmart/Documents/GitHub/HeartBrokenIntoGame/HeartBrokenIntoGame
-logFile
Logs/AssetImportWorker0.log
-srvPort
56394
Successfully changed project path to: /Users/cameronsmart/Documents/GitHub/HeartBrokenIntoGame/HeartBrokenIntoGame
/Users/cameronsmart/Documents/GitHub/HeartBrokenIntoGame/HeartBrokenIntoGame
[UnityMemory] Configuration Parameters - Can be set up in boot.config
    "memorysetup-bucket-allocator-granularity=16"
    "memorysetup-bucket-allocator-bucket-count=8"
    "memorysetup-bucket-allocator-block-size=33554432"
    "memorysetup-bucket-allocator-block-count=8"
    "memorysetup-main-allocator-block-size=16777216"
    "memorysetup-thread-allocator-block-size=16777216"
    "memorysetup-gfx-main-allocator-block-size=16777216"
    "memorysetup-gfx-thread-allocator-block-size=16777216"
    "memorysetup-cache-allocator-block-size=4194304"
    "memorysetup-typetree-allocator-block-size=2097152"
    "memorysetup-profiler-bucket-allocator-granularity=16"
    "memorysetup-profiler-bucket-allocator-bucket-count=8"
    "memorysetup-profiler-bucket-allocator-block-size=33554432"
    "memorysetup-profiler-bucket-allocator-block-count=8"
    "memorysetup-profiler-allocator-block-size=16777216"
    "memorysetup-profiler-editor-allocator-block-size=1048576"
    "memorysetup-temp-allocator-size-main=16777216"
    "memorysetup-job-temp-allocator-block-size=2097152"
    "memorysetup-job-temp-allocator-block-size-background=1048576"
    "memorysetup-job-temp-allocator-reduction-small-platforms=262144"
    "memorysetup-temp-allocator-size-background-worker=32768"
    "memorysetup-temp-allocator-size-job-worker=262144"
    "memorysetup-temp-allocator-size-preload-manager=33554432"
    "memorysetup-temp-allocator-size-nav-mesh-worker=65536"
    "memorysetup-temp-allocator-size-audio-worker=65536"
    "memorysetup-temp-allocator-size-cloud-worker=32768"
    "memorysetup-temp-allocator-size-gi-baking-worker=262144"
    "memorysetup-temp-allocator-size-gfx=262144"
Player connection [8485247808] Host "[IP] 192.168.1.53 [Port] 0 [Flags] 2 [Guid] 989734964 [EditorId] 989734964 [Version] 1048832 [Id] OSXEditor(0,Camerons-MacBook-Pro.local) [Debug] 1 [PackageName] OSXEditor [ProjectName] Editor" joined multi-casting on [225.0.0.222:54997]...

Player connection [8485247808] Host "[IP] 192.168.1.53 [Port] 0 [Flags] 2 [Guid] 989734964 [EditorId] 989734964 [Version] 1048832 [Id] OSXEditor(0,Camerons-MacBook-Pro.local) [Debug] 1 [PackageName] OSXEditor [ProjectName] Editor" joined alternative multi-casting on [225.0.0.222:34997]...

Refreshing native plugins compatible for Editor in 77.76 ms, found 3 plugins.
Preloading 0 native plugins for Editor in 0.00 ms.
Initialize engine version: 2021.3.24f1 (cf10dcf7010d)
[Subsystems] Discovering subsystems at path /Applications/Unity/Hub/Editor/2021.3.24f1/Unity.app/Contents/Resources/UnitySubsystems
[Subsystems] Discovering subsystems at path /Users/cameronsmart/Documents/GitHub/HeartBrokenIntoGame/HeartBrokenIntoGame/Assets
GfxDevice: creating device client; threaded=0; jobified=0
 preferred device: Apple M1 Pro (high power)
Metal devices available: 1
0: Apple M1 Pro (high power)
Using device Apple M1 Pro (high power)
Initializing Metal device caps: Apple M1 Pro
Initialize mono
Mono path[0] = '/Applications/Unity/Hub/Editor/2021.3.24f1/Unity.app/Contents/Managed'
Mono path[1] = '/Applications/Unity/Hub/Editor/2021.3.24f1/Unity.app/Contents/MonoBleedingEdge/lib/mono/unityjit-macos'
Mono config path = '/Applications/Unity/Hub/Editor/2021.3.24f1/Unity.app/Contents/MonoBleedingEdge/etc'
Using monoOptions --debugger-agent=transport=dt_socket,embedding=1,server=y,suspend=n,address=127.0.0.1:56523
Begin MonoManager ReloadAssembly
Registering precompiled unity dll's ...
Register platform support module: /Applications/Unity/Hub/Editor/2021.3.24f1/PlaybackEngines/WebGLSupport/UnityEditor.WebGL.Extensions.dll
Register platform support module: /Applications/Unity/Hub/Editor/2021.3.24f1/Unity.app/Contents/PlaybackEngines/MacStandaloneSupport/UnityEditor.OSXStandalone.Extensions.dll
Registered in 0.001371 seconds.
Native extension for OSXStandalone target not found
Native extension for WebGL target not found
Refreshing native plugins compatible for Editor in 77.16 ms, found 3 plugins.
Preloading 0 native plugins for Editor in 0.00 ms.
Mono: successfully reloaded assembly
- Completed reload, in  0.413 seconds
Domain Reload Profiling:
	ReloadAssembly (414ms)
		BeginReloadAssembly (62ms)
			ExecutionOrderSort (0ms)
			DisableScriptedObjects (0ms)
			BackupInstance (0ms)
			ReleaseScriptingObjects (0ms)
			CreateAndSetChildDomain (0ms)
		EndReloadAssembly (295ms)
			LoadAssemblies (62ms)
			RebuildTransferFunctionScriptingTraits (0ms)
			SetupTypeCache (66ms)
			ReleaseScriptCaches (0ms)
			RebuildScriptCaches (20ms)
			SetupLoadedEditorAssemblies (182ms)
				LogAssemblyErrors (0ms)
				InitializePlatformSupportModulesInManaged (4ms)
				SetLoadedEditorAssemblies (0ms)
				RefreshPlugins (77ms)
				BeforeProcessingInitializeOnLoad (1ms)
				ProcessInitializeOnLoadAttributes (76ms)
				ProcessInitializeOnLoadMethodAttributes (24ms)
				AfterProcessingInitializeOnLoad (0ms)
				EditorAssembliesLoaded (0ms)
			ExecutionOrderSort2 (0ms)
			AwakeInstancesAfterBackupRestoration (0ms)
Platform modules already initialized, skipping
Registering precompiled user dll's ...
Registered in 0.005836 seconds.
Begin MonoManager ReloadAssembly
Symbol file LoadedFromMemory doesn't match image /Users/cameronsmart/Documents/GitHub/HeartBrokenIntoGame/HeartBrokenIntoGame/Library/PackageCache/com.unity.visualscripting@1.8.0/Editor/VisualScripting.Core/Dependencies/YamlDotNet/Unity.VisualScripting.YamlDotNet.dll
Symbol file LoadedFromMemory doesn't match image /Users/cameronsmart/Documents/GitHub/HeartBrokenIntoGame/HeartBrokenIntoGame/Library/PackageCache/com.unity.visualscripting@1.8.0/Editor/VisualScripting.Core/Dependencies/DotNetZip/Unity.VisualScripting.IonicZip.dll
Native extension for OSXStandalone target not found
Native extension for WebGL target not found
Refreshing native plugins compatible for Editor in 75.61 ms, found 3 plugins.
Preloading 0 native plugins for Editor in 0.00 ms.
Mono: successfully reloaded assembly
- Completed reload, in  0.681 seconds
Domain Reload Profiling:
	ReloadAssembly (682ms)
		BeginReloadAssembly (60ms)
			ExecutionOrderSort (0ms)
			DisableScriptedObjects (3ms)
			BackupInstance (0ms)
			ReleaseScriptingObjects (0ms)
			CreateAndSetChildDomain (16ms)
		EndReloadAssembly (557ms)
			LoadAssemblies (54ms)
			RebuildTransferFunctionScriptingTraits (0ms)
			SetupTypeCache (148ms)
			ReleaseScriptCaches (0ms)
			RebuildScriptCaches (37ms)
			SetupLoadedEditorAssemblies (290ms)
				LogAssemblyErrors (0ms)
				InitializePlatformSupportModulesInManaged (2ms)
				SetLoadedEditorAssemblies (0ms)
				RefreshPlugins (76ms)
				BeforeProcessingInitializeOnLoad (58ms)
				ProcessInitializeOnLoadAttributes (132ms)
				ProcessInitializeOnLoadMethodAttributes (20ms)
				AfterProcessingInitializeOnLoad (1ms)
				EditorAssembliesLoaded (0ms)
			ExecutionOrderSort2 (0ms)
			AwakeInstancesAfterBackupRestoration (2ms)
Platform modules already initialized, skipping
========================================================================
Worker process is ready to serve import requests
Launching external process: /Applications/Unity/Hub/Editor/2021.3.24f1/Unity.app/Contents/Tools/UnityShaderCompiler
Launched and connected shader compiler UnityShaderCompiler after 0.05 seconds
Refreshing native plugins compatible for Editor in 0.48 ms, found 3 plugins.
Preloading 0 native plugins for Editor in 0.00 ms.
Unloading 3787 Unused Serialized files (Serialized files now loaded: 0)
Unloading 41 unused Assets / (425.9 KB). Loaded Objects now: 4242.
Memory consumption went from 141.9 MB to 141.5 MB.
Total: 2.444625 ms (FindLiveObjects: 0.143625 ms CreateObjectMapping: 0.049083 ms MarkObjects: 2.145334 ms  DeleteObjects: 0.105917 ms)

AssetImportParameters requested are different than current active one (requested -> active):
  custom:video-decoder-ogg-theora: a1e56fd34408186e4bbccfd4996cb3dc -> 
  custom:container-muxer-webm: aa71ff27fc2769a1b78a27578f13a17b -> 
  custom:container-demuxer-webm: 4f35f7cbe854078d1ac9338744f61a02 -> 
  custom:video-encoder-webm-vp8: eb34c28f22e8b96e1ab97ce403110664 -> 
  custom:framework-osx-AVFoundation: e770b220cccbd017edd2c1fefb359320 -> 
  custom:audio-encoder-webm-vorbis: bf7c407c2cedff20999df2af8eb42d56 -> 
  custom:container-demuxer-ogg: 62fdf1f143b41e24485cea50d1cbac27 -> 
  custom:video-decoder-webm-vp8: 9c59270c3fd7afecdb556c50c9e8de78 -> 
  custom:audio-decoder-ogg-vorbis: bf7c407c2cedff20999df2af8eb42d56 -> 
========================================================================
Received Import Request.
  Time since last request: 54546.226057 seconds.
  path: Assets/Scenes/Messages 4.unity
  artifactKey: Guid(fe2a973edf5044280a1fca51069f3da0) Importer(815301076,1909f56bfc062723c751e8b465ee728b)
Start importing Assets/Scenes/Messages 4.unity using Guid(fe2a973edf5044280a1fca51069f3da0) Importer(815301076,1909f56bfc062723c751e8b465ee728b)  -> (artifact id: 'fc6ca0780c1cbb3ef6973276ccf29650') in 0.007500 seconds 
========================================================================
Received Import Request.
  Time since last request: 7.291854 seconds.
  path: Assets/Scenes/Messages 4.unity
  artifactKey: Guid(fe2a973edf5044280a1fca51069f3da0) Importer(815301076,1909f56bfc062723c751e8b465ee728b)
Start importing Assets/Scenes/Messages 4.unity using Guid(fe2a973edf5044280a1fca51069f3da0) Importer(815301076,1909f56bfc062723c751e8b465ee728b)  -> (artifact id: '7293a0d80823bc4a194594f96e28dee5') in 0.000874 seconds 
========================================================================
Received Import Request.
  Time since last request: 2.982064 seconds.
  path: Assets/Scenes/Messages 5.unity
  artifactKey: Guid(80a56da19a2db4842ade56c7a8ce7391) Importer(815301076,1909f56bfc062723c751e8b465ee728b)
Start importing Assets/Scenes/Messages 5.unity using Guid(80a56da19a2db4842ade56c7a8ce7391) Importer(815301076,1909f56bfc062723c751e8b465ee728b)  -> (artifact id: 'e8f724e7e7d7fbae43afd4cd5b191f88') in 0.001460 seconds 
========================================================================
Received Import Request.
  Time since last request: 5.692804 seconds.
  path: Assets/Scenes/Messages 6.unity
  artifactKey: Guid(bc96624cc01014674a68036435b023b1) Importer(815301076,1909f56bfc062723c751e8b465ee728b)
Start importing Assets/Scenes/Messages 6.unity using Guid(bc96624cc01014674a68036435b023b1) Importer(815301076,1909f56bfc062723c751e8b465ee728b)  -> (artifact id: '02be28b434f6d57ca60d9b14beb55957') in 0.001967 seconds 
========================================================================
Received Import Request.
  Time since last request: 4.285376 seconds.
  path: Assets/Scenes/Messages 7.unity
  artifactKey: Guid(30392fff9ebb9438c96b985f314e21e6) Importer(815301076,1909f56bfc062723c751e8b465ee728b)
Start importing Assets/Scenes/Messages 7.unity using Guid(30392fff9ebb9438c96b985f314e21e6) Importer(815301076,1909f56bfc062723c751e8b465ee728b)  -> (artifact id: '9674a47adbc17ace919ee0ab0a0caf0d') in 0.000834 seconds 
========================================================================
Received Import Request.
  Time since last request: 12.654981 seconds.
  path: Assets/Scenes/Messages 9.unity
  artifactKey: Guid(995b1db6d2a2246028ba99c79a96d5f5) Importer(815301076,1909f56bfc062723c751e8b465ee728b)
Start importing Assets/Scenes/Messages 9.unity using Guid(995b1db6d2a2246028ba99c79a96d5f5) Importer(815301076,1909f56bfc062723c751e8b465ee728b)  -> (artifact id: '244c1df2958df0aeb7ed6e40eae4a94a') in 0.001421 seconds 
========================================================================
Received Import Request.
  Time since last request: 11.569684 seconds.
  path: Assets/Scenes/Questions 2.unity
  artifactKey: Guid(2ec225f5a0c884fc1973adb3485e39f0) Importer(815301076,1909f56bfc062723c751e8b465ee728b)
Start importing Assets/Scenes/Questions 2.unity using Guid(2ec225f5a0c884fc1973adb3485e39f0) Importer(815301076,1909f56bfc062723c751e8b465ee728b)  -> (artifact id: '15ec90237c77c9671cd891330c434b3f') in 0.001162 seconds 
========================================================================
Received Import Request.
  Time since last request: 4.988318 seconds.
  path: Assets/Scenes/Questions 3.unity
  artifactKey: Guid(b41ba0cfd22084722a86a4b448f04287) Importer(815301076,1909f56bfc062723c751e8b465ee728b)
Start importing Assets/Scenes/Questions 3.unity using Guid(b41ba0cfd22084722a86a4b448f04287) Importer(815301076,1909f56bfc062723c751e8b465ee728b)  -> (artifact id: '1577fe3b03bfa2a21c50a5f350393e7d') in 0.001013 seconds 
========================================================================
Received Import Request.
  Time since last request: 12.479646 seconds.
  path: Assets/Scenes/Questions.unity
  artifactKey: Guid(f535293962510418a964ddca6a1d9a2f) Importer(815301076,1909f56bfc062723c751e8b465ee728b)
Start importing Assets/Scenes/Questions.unity using Guid(f535293962510418a964ddca6a1d9a2f) Importer(815301076,1909f56bfc062723c751e8b465ee728b)  -> (artifact id: 'd5c89c99de97cdc722b0c0abebc0ec0d') in 0.001377 seconds 
========================================================================
Received Import Request.
  Time since last request: 17.338037 seconds.
  path: Assets/Scenes/Messages 3.unity
  artifactKey: Guid(4f8236685802d4d3b8f9ade3671c2462) Importer(815301076,1909f56bfc062723c751e8b465ee728b)
Start importing Assets/Scenes/Messages 3.unity using Guid(4f8236685802d4d3b8f9ade3671c2462) Importer(815301076,1909f56bfc062723c751e8b465ee728b)  -> (artifact id: '89338b163accb49b80e454381a8e22bf') in 0.001299 seconds 
========================================================================
Received Prepare
Refreshing native plugins compatible for Editor in 2.23 ms, found 3 plugins.
Preloading 0 native plugins for Editor in 0.00 ms.
Unloading 28 Unused Serialized files (Serialized files now loaded: 0)
Unloading 28 unused Assets / (149.7 KB). Loaded Objects now: 4242.
Memory consumption went from 63.3 MB to 63.1 MB.
Total: 2.585541 ms (FindLiveObjects: 0.126917 ms CreateObjectMapping: 0.044959 ms MarkObjects: 2.326500 ms  DeleteObjects: 0.086708 ms)

AssetImportParameters requested are different than current active one (requested -> active):
  custom:video-decoder-ogg-theora: a1e56fd34408186e4bbccfd4996cb3dc -> 
  custom:container-muxer-webm: aa71ff27fc2769a1b78a27578f13a17b -> 
  custom:container-demuxer-webm: 4f35f7cbe854078d1ac9338744f61a02 -> 
  custom:video-encoder-webm-vp8: eb34c28f22e8b96e1ab97ce403110664 -> 
  custom:framework-osx-AVFoundation: e770b220cccbd017edd2c1fefb359320 -> 
  custom:audio-encoder-webm-vorbis: bf7c407c2cedff20999df2af8eb42d56 -> 
  custom:container-demuxer-ogg: 62fdf1f143b41e24485cea50d1cbac27 -> 
  custom:video-decoder-webm-vp8: 9c59270c3fd7afecdb556c50c9e8de78 -> 
  custom:audio-decoder-ogg-vorbis: bf7c407c2cedff20999df2af8eb42d56 -> 
========================================================================
Received Prepare
Refreshing native plugins compatible for Editor in 4.51 ms, found 3 plugins.
Preloading 0 native plugins for Editor in 0.00 ms.
Unloading 28 Unused Serialized files (Serialized files now loaded: 0)
Unloading 28 unused Assets / (149.6 KB). Loaded Objects now: 4242.
Memory consumption went from 63.3 MB to 63.1 MB.
Total: 2.477000 ms (FindLiveObjects: 0.125334 ms CreateObjectMapping: 0.045416 ms MarkObjects: 2.183292 ms  DeleteObjects: 0.122708 ms)

AssetImportParameters requested are different than current active one (requested -> active):
  custom:video-decoder-ogg-theora: a1e56fd34408186e4bbccfd4996cb3dc -> 
  custom:container-muxer-webm: aa71ff27fc2769a1b78a27578f13a17b -> 
  custom:container-demuxer-webm: 4f35f7cbe854078d1ac9338744f61a02 -> 
  custom:video-encoder-webm-vp8: eb34c28f22e8b96e1ab97ce403110664 -> 
  custom:framework-osx-AVFoundation: e770b220cccbd017edd2c1fefb359320 -> 
  custom:audio-encoder-webm-vorbis: bf7c407c2cedff20999df2af8eb42d56 -> 
  custom:container-demuxer-ogg: 62fdf1f143b41e24485cea50d1cbac27 -> 
  custom:video-decoder-webm-vp8: 9c59270c3fd7afecdb556c50c9e8de78 -> 
  custom:audio-decoder-ogg-vorbis: bf7c407c2cedff20999df2af8eb42d56 -> 
========================================================================
Received Prepare
Refreshing native plugins compatible for Editor in 1.96 ms, found 3 plugins.
Preloading 0 native plugins for Editor in 0.00 ms.
Unloading 28 Unused Serialized files (Serialized files now loaded: 0)
Unloading 28 unused Assets / (150.7 KB). Loaded Objects now: 4242.
Memory consumption went from 63.3 MB to 63.1 MB.
Total: 3.170000 ms (FindLiveObjects: 0.138958 ms CreateObjectMapping: 0.043833 ms MarkObjects: 2.879542 ms  DeleteObjects: 0.107375 ms)

AssetImportParameters requested are different than current active one (requested -> active):
  custom:video-decoder-ogg-theora: a1e56fd34408186e4bbccfd4996cb3dc -> 
  custom:container-muxer-webm: aa71ff27fc2769a1b78a27578f13a17b -> 
  custom:container-demuxer-webm: 4f35f7cbe854078d1ac9338744f61a02 -> 
  custom:video-encoder-webm-vp8: eb34c28f22e8b96e1ab97ce403110664 -> 
  custom:framework-osx-AVFoundation: e770b220cccbd017edd2c1fefb359320 -> 
  custom:audio-encoder-webm-vorbis: bf7c407c2cedff20999df2af8eb42d56 -> 
  custom:container-demuxer-ogg: 62fdf1f143b41e24485cea50d1cbac27 -> 
  custom:video-decoder-webm-vp8: 9c59270c3fd7afecdb556c50c9e8de78 -> 
  custom:audio-decoder-ogg-vorbis: bf7c407c2cedff20999df2af8eb42d56 -> 
